Command line: /home/ilia/.local/share/miniconda/bin/spades.py	--only-error-correction	--pe1-1	/home/ilia/src/projects/bioinf/sem2/ngs/hw/hw4/work/data/ecoli_400K_err_1.fastq	--pe1-2	/home/ilia/src/projects/bioinf/sem2/ngs/hw/hw4/work/data/ecoli_400K_err_2.fastq	-o	/home/ilia/src/projects/bioinf/sem2/ngs/hw/hw4/work/spades	

System information:
  SPAdes version: 3.13.1
  Python version: 2.7.16
  OS: Linux-5.0.0-15-generic-x86_64-with-debian-buster-sid

Output dir: /home/ilia/src/projects/bioinf/sem2/ngs/hw/hw4/work/spades
Mode: ONLY read error correction (without assembling)
Debug mode is turned OFF

Dataset parameters:
  Multi-cell mode (you should set '--sc' flag if input data was obtained with MDA (single-cell) technology or --meta flag if processing metagenomic dataset)
  Reads:
    Library number: 1, library type: paired-end
      orientation: fr
      left reads: ['/home/ilia/src/projects/bioinf/sem2/ngs/hw/hw4/work/data/ecoli_400K_err_1.fastq']
      right reads: ['/home/ilia/src/projects/bioinf/sem2/ngs/hw/hw4/work/data/ecoli_400K_err_2.fastq']
      interlaced reads: not specified
      single reads: not specified
      merged reads: not specified
Read error correction parameters:
  Iterations: 1
  PHRED offset will be auto-detected
  Corrected reads will be compressed
Other parameters:
  Dir for temp files: /home/ilia/src/projects/bioinf/sem2/ngs/hw/hw4/work/spades/tmp
  Threads: 16
  Memory limit (in Gb): 7


======= SPAdes pipeline started. Log can be found here: /home/ilia/src/projects/bioinf/sem2/ngs/hw/hw4/work/spades/spades.log


===== Read error correction started. 


== Running read error correction tool: /home/ilia/.local/share/miniconda/share/spades-3.13.1-0/bin/spades-hammer /home/ilia/src/projects/bioinf/sem2/ngs/hw/hw4/work/spades/corrected/configs/config.info

  0:00:00.000     4M / 4M    INFO    General                 (main.cpp                  :  75)   Starting BayesHammer, built from refs/heads/spades_3.13.1, git revision 9a9d54db2ff9abaac718155bf74c12ec9464e8ca
  0:00:00.000     4M / 4M    INFO    General                 (main.cpp                  :  76)   Loading config from /home/ilia/src/projects/bioinf/sem2/ngs/hw/hw4/work/spades/corrected/configs/config.info
  0:00:00.003     4M / 4M    INFO    General                 (main.cpp                  :  78)   Maximum # of threads to use (adjusted due to OMP capabilities): 8
  0:00:00.003     4M / 4M    INFO    General                 (memory_limit.cpp          :  49)   Memory limit set to 7 Gb
  0:00:00.003     4M / 4M    INFO    General                 (main.cpp                  :  86)   Trying to determine PHRED offset
  0:00:00.004     4M / 4M    INFO    General                 (main.cpp                  :  92)   Determined value is 33
  0:00:00.004     4M / 4M    INFO    General                 (hammer_tools.cpp          :  36)   Hamming graph threshold tau=1, k=21, subkmer positions = [ 0 10 ]
  0:00:00.005     4M / 4M    INFO    General                 (main.cpp                  : 113)   Size of aux. kmer data 24 bytes
     === ITERATION 0 begins ===
  0:00:00.005     4M / 4M    INFO   K-mer Index Building     (kmer_index_builder.hpp    : 301)   Building kmer index
  0:00:00.005     4M / 4M    INFO    General                 (kmer_index_builder.hpp    : 117)   Splitting kmer instances into 128 files using 8 threads. This might take a while.
  0:00:00.005     4M / 4M    INFO    General                 (file_limit.hpp            :  32)   Open file limit set to 1024
  0:00:00.005     4M / 4M    INFO    General                 (kmer_splitters.hpp        :  89)   Memory available for splitting buffers: 0.291504 Gb
  0:00:00.005     4M / 4M    INFO    General                 (kmer_splitters.hpp        :  97)   Using cell size of 305664
  0:00:00.018     2G / 2G    INFO   K-mer Splitting          (kmer_data.cpp             :  97)   Processing /home/ilia/src/projects/bioinf/sem2/ngs/hw/hw4/work/data/ecoli_400K_err_1.fastq
  0:00:06.848     2G / 2G    INFO   K-mer Splitting          (kmer_data.cpp             : 107)   Processed 1381602 reads
  0:00:06.848     2G / 2G    INFO   K-mer Splitting          (kmer_data.cpp             :  97)   Processing /home/ilia/src/projects/bioinf/sem2/ngs/hw/hw4/work/data/ecoli_400K_err_2.fastq
  0:00:13.511     2G / 2G    INFO   K-mer Splitting          (kmer_data.cpp             : 107)   Processed 2763204 reads
  0:00:13.511     2G / 2G    INFO   K-mer Splitting          (kmer_data.cpp             : 112)   Total 2763204 reads processed
  0:00:13.644    32M / 2G    INFO    General                 (kmer_index_builder.hpp    : 120)   Starting k-mer counting.
  0:00:13.877    32M / 2G    INFO    General                 (kmer_index_builder.hpp    : 127)   K-mer counting done. There are 13488952 kmers in total.
  0:00:13.877    32M / 2G    INFO    General                 (kmer_index_builder.hpp    : 133)   Merging temporary buckets.
  0:00:13.974    32M / 2G    INFO   K-mer Index Building     (kmer_index_builder.hpp    : 314)   Building perfect hash indices
  0:00:14.579    32M / 2G    INFO    General                 (kmer_index_builder.hpp    : 150)   Merging final buckets.
  0:00:14.746    32M / 2G    INFO   K-mer Index Building     (kmer_index_builder.hpp    : 336)   Index built. Total 6263040 bytes occupied (3.71447 bits per kmer).
  0:00:14.748    32M / 2G    INFO   K-mer Counting           (kmer_data.cpp             : 356)   Arranging kmers in hash map order
  0:00:15.800   240M / 2G    INFO    General                 (main.cpp                  : 148)   Clustering Hamming graph.
  0:00:42.669   240M / 2G    INFO    General                 (main.cpp                  : 155)   Extracting clusters
  0:00:48.328   240M / 2G    INFO    General                 (main.cpp                  : 167)   Clustering done. Total clusters: 2187352
  0:00:48.335   136M / 2G    INFO   K-mer Counting           (kmer_data.cpp             : 376)   Collecting K-mer information, this takes a while.
  0:00:48.463   448M / 2G    INFO   K-mer Counting           (kmer_data.cpp             : 382)   Processing /home/ilia/src/projects/bioinf/sem2/ngs/hw/hw4/work/data/ecoli_400K_err_1.fastq
  0:01:14.148   448M / 2G    INFO   K-mer Counting           (kmer_data.cpp             : 382)   Processing /home/ilia/src/projects/bioinf/sem2/ngs/hw/hw4/work/data/ecoli_400K_err_2.fastq
  0:01:42.407   448M / 2G    INFO   K-mer Counting           (kmer_data.cpp             : 389)   Collection done, postprocessing.
  0:01:42.514   448M / 2G    INFO   K-mer Counting           (kmer_data.cpp             : 403)   There are 13488952 kmers in total. Among them 9831116 (72.8827%) are singletons.
  0:01:42.514   448M / 2G    INFO    General                 (main.cpp                  : 173)   Subclustering Hamming graph
  0:01:47.241   448M / 2G    INFO   Hamming Subclustering    (kmer_cluster.cpp          : 649)   Subclustering done. Total 1 non-read kmers were generated.
  0:01:47.241   448M / 2G    INFO   Hamming Subclustering    (kmer_cluster.cpp          : 650)   Subclustering statistics:
  0:01:47.241   448M / 2G    INFO   Hamming Subclustering    (kmer_cluster.cpp          : 651)     Total singleton hamming clusters: 1393328. Among them 2580 (0.185168%) are good
  0:01:47.241   448M / 2G    INFO   Hamming Subclustering    (kmer_cluster.cpp          : 652)     Total singleton subclusters: 4146. Among them 4142 (99.9035%) are good
  0:01:47.241   448M / 2G    INFO   Hamming Subclustering    (kmer_cluster.cpp          : 653)     Total non-singleton subcluster centers: 855746. Among them 836834 (97.79%) are good
  0:01:47.241   448M / 2G    INFO   Hamming Subclustering    (kmer_cluster.cpp          : 654)     Average size of non-trivial subcluster: 14.1346 kmers
  0:01:47.241   448M / 2G    INFO   Hamming Subclustering    (kmer_cluster.cpp          : 655)     Average number of sub-clusters per non-singleton cluster: 1.08295
  0:01:47.241   448M / 2G    INFO   Hamming Subclustering    (kmer_cluster.cpp          : 656)     Total solid k-mers: 843556
  0:01:47.241   448M / 2G    INFO   Hamming Subclustering    (kmer_cluster.cpp          : 657)     Substitution probabilities: [4,4]((0.925366,0.0417851,0.0246901,0.00815845),(0.0168258,0.960386,0.0122683,0.0105199),(0.0104921,0.0122447,0.960405,0.016858),(0.00814236,0.0246651,0.0417487,0.925444))
  0:01:47.243   448M / 2G    INFO    General                 (main.cpp                  : 178)   Finished clustering.
  0:01:47.243   448M / 2G    INFO    General                 (main.cpp                  : 197)   Starting solid k-mers expansion in 8 threads.
  0:02:04.510   448M / 2G    INFO    General                 (main.cpp                  : 218)   Solid k-mers iteration 0 produced 45116 new k-mers.
  0:02:23.837   448M / 2G    INFO    General                 (main.cpp                  : 218)   Solid k-mers iteration 1 produced 1684 new k-mers.
  0:02:43.084   448M / 2G    INFO    General                 (main.cpp                  : 218)   Solid k-mers iteration 2 produced 63 new k-mers.
  0:03:01.783   448M / 2G    INFO    General                 (main.cpp                  : 218)   Solid k-mers iteration 3 produced 32 new k-mers.
  0:03:20.917   448M / 2G    INFO    General                 (main.cpp                  : 218)   Solid k-mers iteration 4 produced 0 new k-mers.
  0:03:20.918   448M / 2G    INFO    General                 (main.cpp                  : 222)   Solid k-mers finalized
  0:03:20.919   448M / 2G    INFO    General                 (hammer_tools.cpp          : 220)   Starting read correction in 8 threads.
  0:03:20.919   448M / 2G    INFO    General                 (hammer_tools.cpp          : 233)   Correcting pair of reads: /home/ilia/src/projects/bioinf/sem2/ngs/hw/hw4/work/data/ecoli_400K_err_1.fastq and /home/ilia/src/projects/bioinf/sem2/ngs/hw/hw4/work/data/ecoli_400K_err_2.fastq
  0:03:23.984   988M / 2G    INFO    General                 (hammer_tools.cpp          : 168)   Prepared batch 0 of 800000 reads.
  0:03:34.511     1G / 2G    INFO    General                 (hammer_tools.cpp          : 175)   Processed batch 0
  0:03:36.727     1G / 2G    INFO    General                 (hammer_tools.cpp          : 185)   Written batch 0
  0:03:38.723     1G / 2G    INFO    General                 (hammer_tools.cpp          : 168)   Prepared batch 1 of 581602 reads.
  0:03:45.939     1G / 2G    INFO    General                 (hammer_tools.cpp          : 175)   Processed batch 1
  0:03:47.323     1G / 2G    INFO    General                 (hammer_tools.cpp          : 185)   Written batch 1
  0:03:47.742   448M / 2G    INFO    General                 (hammer_tools.cpp          : 274)   Correction done. Changed 883912 bases in 651938 reads.
  0:03:47.742   448M / 2G    INFO    General                 (hammer_tools.cpp          : 275)   Failed to correct 21928 bases out of 252262696.
  0:03:47.764    32M / 2G    INFO    General                 (main.cpp                  : 255)   Saving corrected dataset description to /home/ilia/src/projects/bioinf/sem2/ngs/hw/hw4/work/spades/corrected/corrected.yaml
  0:03:47.823    32M / 2G    INFO    General                 (main.cpp                  : 262)   All done. Exiting.

== Compressing corrected reads (with pigz)

== Dataset description file was created: /home/ilia/src/projects/bioinf/sem2/ngs/hw/hw4/work/spades/corrected/corrected.yaml


===== Read error correction finished. 

 * Corrected reads are in /home/ilia/src/projects/bioinf/sem2/ngs/hw/hw4/work/spades/corrected/

======= SPAdes pipeline finished.

SPAdes log can be found here: /home/ilia/src/projects/bioinf/sem2/ngs/hw/hw4/work/spades/spades.log

Thank you for using SPAdes!
